{"C:\\Users\\Pc\\Desktop\\socialNet\\LIM012-fe-social-network\\mock\\mock.js": {"path":"C:\\Users\\Pc\\Desktop\\socialNet\\LIM012-fe-social-network\\mock\\mock.js","statementMap":{"0":{"start":{"line":6,"column":17},"end":{"line":6,"column":54}},"1":{"start":{"line":7,"column":22},"end":{"line":7,"column":54}},"2":{"start":{"line":10,"column":0},"end":{"line":10,"column":21}},"3":{"start":{"line":11,"column":0},"end":{"line":11,"column":26}},"4":{"start":{"line":14,"column":0},"end":{"line":20,"column":2}},"5":{"start":{"line":16,"column":8},"end":{"line":16,"column":12}},"6":{"start":{"line":17,"column":8},"end":{"line":17,"column":16}},"7":{"start":{"line":18,"column":8},"end":{"line":18,"column":21}}},"fnMap":{"0":{"name":"(anonymous_0)","decl":{"start":{"line":16,"column":2},"end":{"line":16,"column":3}},"loc":{"start":{"line":16,"column":8},"end":{"line":16,"column":12}},"line":16},"1":{"name":"(anonymous_1)","decl":{"start":{"line":17,"column":2},"end":{"line":17,"column":3}},"loc":{"start":{"line":17,"column":8},"end":{"line":17,"column":16}},"line":17},"2":{"name":"(anonymous_2)","decl":{"start":{"line":18,"column":2},"end":{"line":18,"column":3}},"loc":{"start":{"line":18,"column":8},"end":{"line":18,"column":21}},"line":18}},"branchMap":{},"s":{"0":2,"1":2,"2":2,"3":2,"4":2,"5":0,"6":2,"7":2},"f":{"0":0,"1":2,"2":2},"b":{},"_coverageSchema":"43e27e138ebf9cfc5966b082cf9a028302ed4184","hash":"f015e81be835995c08d4281a55767bb2c617d520"}
,"C:\\Users\\Pc\\Desktop\\socialNet\\LIM012-fe-social-network\\src\\firebase.js": {"path":"C:\\Users\\Pc\\Desktop\\socialNet\\LIM012-fe-social-network\\src\\firebase.js","statementMap":{"0":{"start":{"line":1,"column":23},"end":{"line":10,"column":1}},"1":{"start":{"line":12,"column":0},"end":{"line":12,"column":39}},"2":{"start":{"line":13,"column":20},"end":{"line":13,"column":35}},"3":{"start":{"line":14,"column":18},"end":{"line":14,"column":38}}},"fnMap":{},"branchMap":{},"s":{"0":2,"1":2,"2":2,"3":2},"f":{},"b":{},"_coverageSchema":"43e27e138ebf9cfc5966b082cf9a028302ed4184","hash":"dcaa5756df7c0c02b258ce1fd225552757b33349"}
,"C:\\Users\\Pc\\Desktop\\socialNet\\LIM012-fe-social-network\\src\\model\\index.model.js": {"path":"C:\\Users\\Pc\\Desktop\\socialNet\\LIM012-fe-social-network\\src\\model\\index.model.js","statementMap":{"0":{"start":{"line":8,"column":22},"end":{"line":15,"column":1}}},"fnMap":{},"branchMap":{},"s":{"0":1},"f":{},"b":{},"_coverageSchema":"43e27e138ebf9cfc5966b082cf9a028302ed4184","hash":"a85182a5639e17169b9cf154cf4fca3e8a6fb375"}
,"C:\\Users\\Pc\\Desktop\\socialNet\\LIM012-fe-social-network\\src\\model\\logIn.model.js": {"path":"C:\\Users\\Pc\\Desktop\\socialNet\\LIM012-fe-social-network\\src\\model\\logIn.model.js","statementMap":{"0":{"start":{"line":3,"column":26},"end":{"line":4,"column":50}},"1":{"start":{"line":4,"column":2},"end":{"line":4,"column":50}},"2":{"start":{"line":6,"column":18},"end":{"line":9,"column":1}},"3":{"start":{"line":7,"column":19},"end":{"line":7,"column":57}},"4":{"start":{"line":8,"column":2},"end":{"line":8,"column":40}},"5":{"start":{"line":11,"column":21},"end":{"line":14,"column":1}},"6":{"start":{"line":12,"column":19},"end":{"line":12,"column":59}},"7":{"start":{"line":13,"column":2},"end":{"line":13,"column":40}}},"fnMap":{"0":{"name":"(anonymous_0)","decl":{"start":{"line":3,"column":26},"end":{"line":3,"column":27}},"loc":{"start":{"line":4,"column":2},"end":{"line":4,"column":50}},"line":4},"1":{"name":"(anonymous_1)","decl":{"start":{"line":6,"column":18},"end":{"line":6,"column":19}},"loc":{"start":{"line":6,"column":24},"end":{"line":9,"column":1}},"line":6},"2":{"name":"(anonymous_2)","decl":{"start":{"line":11,"column":21},"end":{"line":11,"column":22}},"loc":{"start":{"line":11,"column":27},"end":{"line":14,"column":1}},"line":11}},"branchMap":{},"s":{"0":2,"1":1,"2":2,"3":1,"4":1,"5":2,"6":1,"7":1},"f":{"0":1,"1":1,"2":1},"b":{},"_coverageSchema":"43e27e138ebf9cfc5966b082cf9a028302ed4184","hash":"27fdc38d172ff7b520a4ad3c4492ae82c137dd24"}
,"C:\\Users\\Pc\\Desktop\\socialNet\\LIM012-fe-social-network\\src\\model\\profile.model.js": {"path":"C:\\Users\\Pc\\Desktop\\socialNet\\LIM012-fe-social-network\\src\\model\\profile.model.js","statementMap":{"0":{"start":{"line":3,"column":16},"end":{"line":3,"column":36}},"1":{"start":{"line":3,"column":22},"end":{"line":3,"column":36}},"2":{"start":{"line":6,"column":27},"end":{"line":6,"column":49}},"3":{"start":{"line":6,"column":33},"end":{"line":6,"column":49}}},"fnMap":{"0":{"name":"(anonymous_0)","decl":{"start":{"line":3,"column":16},"end":{"line":3,"column":17}},"loc":{"start":{"line":3,"column":22},"end":{"line":3,"column":36}},"line":3},"1":{"name":"(anonymous_1)","decl":{"start":{"line":6,"column":27},"end":{"line":6,"column":28}},"loc":{"start":{"line":6,"column":33},"end":{"line":6,"column":49}},"line":6}},"branchMap":{},"s":{"0":1,"1":0,"2":1,"3":0},"f":{"0":0,"1":0},"b":{},"_coverageSchema":"43e27e138ebf9cfc5966b082cf9a028302ed4184","hash":"80d23cb30d3d10ead2fd40d71a7892d9a22f0bca"}
,"C:\\Users\\Pc\\Desktop\\socialNet\\LIM012-fe-social-network\\src\\model\\publication.model.js": {"path":"C:\\Users\\Pc\\Desktop\\socialNet\\LIM012-fe-social-network\\src\\model\\publication.model.js","statementMap":{"0":{"start":{"line":3,"column":29},"end":{"line":18,"column":4}},"1":{"start":{"line":4,"column":2},"end":{"line":18,"column":4}},"2":{"start":{"line":5,"column":4},"end":{"line":17,"column":35}},"3":{"start":{"line":16,"column":24},"end":{"line":16,"column":39}},"4":{"start":{"line":17,"column":22},"end":{"line":17,"column":33}},"5":{"start":{"line":20,"column":24},"end":{"line":21,"column":67}},"6":{"start":{"line":21,"column":2},"end":{"line":21,"column":67}},"7":{"start":{"line":23,"column":22},"end":{"line":23,"column":38}},"8":{"start":{"line":23,"column":28},"end":{"line":23,"column":38}},"9":{"start":{"line":25,"column":30},"end":{"line":38,"column":1}},"10":{"start":{"line":26,"column":16},"end":{"line":26,"column":75}},"11":{"start":{"line":27,"column":2},"end":{"line":37,"column":5}},"12":{"start":{"line":28,"column":4},"end":{"line":36,"column":7}},"13":{"start":{"line":29,"column":6},"end":{"line":35,"column":42}},"14":{"start":{"line":34,"column":20},"end":{"line":34,"column":58}},"15":{"start":{"line":35,"column":24},"end":{"line":35,"column":40}},"16":{"start":{"line":40,"column":31},"end":{"line":53,"column":1}},"17":{"start":{"line":41,"column":16},"end":{"line":41,"column":75}},"18":{"start":{"line":42,"column":2},"end":{"line":52,"column":5}},"19":{"start":{"line":43,"column":4},"end":{"line":51,"column":7}},"20":{"start":{"line":44,"column":6},"end":{"line":50,"column":46}},"21":{"start":{"line":49,"column":20},"end":{"line":49,"column":58}},"22":{"start":{"line":50,"column":26},"end":{"line":50,"column":44}},"23":{"start":{"line":55,"column":26},"end":{"line":61,"column":1}},"24":{"start":{"line":56,"column":2},"end":{"line":60,"column":69}},"25":{"start":{"line":59,"column":16},"end":{"line":59,"column":61}},"26":{"start":{"line":60,"column":20},"end":{"line":60,"column":67}},"27":{"start":{"line":63,"column":26},"end":{"line":71,"column":1}},"28":{"start":{"line":64,"column":22},"end":{"line":64,"column":70}},"29":{"start":{"line":65,"column":2},"end":{"line":70,"column":69}},"30":{"start":{"line":69,"column":16},"end":{"line":69,"column":61}},"31":{"start":{"line":70,"column":20},"end":{"line":70,"column":67}},"32":{"start":{"line":73,"column":29},"end":{"line":77,"column":1}},"33":{"start":{"line":74,"column":25},"end":{"line":74,"column":62}},"34":{"start":{"line":75,"column":20},"end":{"line":75,"column":62}},"35":{"start":{"line":76,"column":2},"end":{"line":76,"column":52}},"36":{"start":{"line":79,"column":19},"end":{"line":82,"column":1}},"37":{"start":{"line":80,"column":25},"end":{"line":80,"column":69}},"38":{"start":{"line":81,"column":2},"end":{"line":81,"column":60}},"39":{"start":{"line":84,"column":20},"end":{"line":85,"column":72}},"40":{"start":{"line":85,"column":2},"end":{"line":85,"column":72}}},"fnMap":{"0":{"name":"(anonymous_0)","decl":{"start":{"line":3,"column":29},"end":{"line":3,"column":30}},"loc":{"start":{"line":4,"column":2},"end":{"line":18,"column":4}},"line":4},"1":{"name":"(anonymous_1)","decl":{"start":{"line":4,"column":14},"end":{"line":4,"column":15}},"loc":{"start":{"line":4,"column":35},"end":{"line":18,"column":3}},"line":4},"2":{"name":"(anonymous_2)","decl":{"start":{"line":16,"column":12},"end":{"line":16,"column":13}},"loc":{"start":{"line":16,"column":24},"end":{"line":16,"column":39}},"line":16},"3":{"name":"(anonymous_3)","decl":{"start":{"line":17,"column":13},"end":{"line":17,"column":14}},"loc":{"start":{"line":17,"column":22},"end":{"line":17,"column":33}},"line":17},"4":{"name":"(anonymous_4)","decl":{"start":{"line":20,"column":24},"end":{"line":20,"column":25}},"loc":{"start":{"line":21,"column":2},"end":{"line":21,"column":67}},"line":21},"5":{"name":"(anonymous_5)","decl":{"start":{"line":23,"column":22},"end":{"line":23,"column":23}},"loc":{"start":{"line":23,"column":28},"end":{"line":23,"column":38}},"line":23},"6":{"name":"(anonymous_6)","decl":{"start":{"line":25,"column":30},"end":{"line":25,"column":31}},"loc":{"start":{"line":25,"column":51},"end":{"line":38,"column":1}},"line":25},"7":{"name":"(anonymous_7)","decl":{"start":{"line":27,"column":19},"end":{"line":27,"column":20}},"loc":{"start":{"line":27,"column":37},"end":{"line":37,"column":3}},"line":27},"8":{"name":"(anonymous_8)","decl":{"start":{"line":28,"column":25},"end":{"line":28,"column":26}},"loc":{"start":{"line":28,"column":35},"end":{"line":36,"column":5}},"line":28},"9":{"name":"(anonymous_9)","decl":{"start":{"line":34,"column":14},"end":{"line":34,"column":15}},"loc":{"start":{"line":34,"column":20},"end":{"line":34,"column":58}},"line":34},"10":{"name":"(anonymous_10)","decl":{"start":{"line":35,"column":15},"end":{"line":35,"column":16}},"loc":{"start":{"line":35,"column":24},"end":{"line":35,"column":40}},"line":35},"11":{"name":"(anonymous_11)","decl":{"start":{"line":40,"column":31},"end":{"line":40,"column":32}},"loc":{"start":{"line":40,"column":53},"end":{"line":53,"column":1}},"line":40},"12":{"name":"(anonymous_12)","decl":{"start":{"line":42,"column":19},"end":{"line":42,"column":20}},"loc":{"start":{"line":42,"column":37},"end":{"line":52,"column":3}},"line":42},"13":{"name":"(anonymous_13)","decl":{"start":{"line":43,"column":25},"end":{"line":43,"column":26}},"loc":{"start":{"line":43,"column":35},"end":{"line":51,"column":5}},"line":43},"14":{"name":"(anonymous_14)","decl":{"start":{"line":49,"column":14},"end":{"line":49,"column":15}},"loc":{"start":{"line":49,"column":20},"end":{"line":49,"column":58}},"line":49},"15":{"name":"(anonymous_15)","decl":{"start":{"line":50,"column":15},"end":{"line":50,"column":16}},"loc":{"start":{"line":50,"column":26},"end":{"line":50,"column":44}},"line":50},"16":{"name":"(anonymous_16)","decl":{"start":{"line":55,"column":26},"end":{"line":55,"column":27}},"loc":{"start":{"line":55,"column":45},"end":{"line":61,"column":1}},"line":55},"17":{"name":"(anonymous_17)","decl":{"start":{"line":59,"column":10},"end":{"line":59,"column":11}},"loc":{"start":{"line":59,"column":16},"end":{"line":59,"column":61}},"line":59},"18":{"name":"(anonymous_18)","decl":{"start":{"line":60,"column":11},"end":{"line":60,"column":12}},"loc":{"start":{"line":60,"column":20},"end":{"line":60,"column":67}},"line":60},"19":{"name":"(anonymous_19)","decl":{"start":{"line":63,"column":26},"end":{"line":63,"column":27}},"loc":{"start":{"line":63,"column":57},"end":{"line":71,"column":1}},"line":63},"20":{"name":"(anonymous_20)","decl":{"start":{"line":69,"column":10},"end":{"line":69,"column":11}},"loc":{"start":{"line":69,"column":16},"end":{"line":69,"column":61}},"line":69},"21":{"name":"(anonymous_21)","decl":{"start":{"line":70,"column":11},"end":{"line":70,"column":12}},"loc":{"start":{"line":70,"column":20},"end":{"line":70,"column":67}},"line":70},"22":{"name":"(anonymous_22)","decl":{"start":{"line":73,"column":29},"end":{"line":73,"column":30}},"loc":{"start":{"line":73,"column":37},"end":{"line":77,"column":1}},"line":73},"23":{"name":"(anonymous_23)","decl":{"start":{"line":79,"column":19},"end":{"line":79,"column":20}},"loc":{"start":{"line":79,"column":43},"end":{"line":82,"column":1}},"line":79},"24":{"name":"(anonymous_24)","decl":{"start":{"line":84,"column":20},"end":{"line":84,"column":21}},"loc":{"start":{"line":85,"column":2},"end":{"line":85,"column":72}},"line":85}},"branchMap":{},"s":{"0":1,"1":0,"2":0,"3":0,"4":0,"5":1,"6":0,"7":1,"8":0,"9":1,"10":0,"11":0,"12":0,"13":0,"14":0,"15":0,"16":1,"17":0,"18":0,"19":0,"20":0,"21":0,"22":0,"23":1,"24":0,"25":0,"26":0,"27":1,"28":0,"29":0,"30":0,"31":0,"32":1,"33":0,"34":0,"35":0,"36":1,"37":0,"38":0,"39":1,"40":0},"f":{"0":0,"1":0,"2":0,"3":0,"4":0,"5":0,"6":0,"7":0,"8":0,"9":0,"10":0,"11":0,"12":0,"13":0,"14":0,"15":0,"16":0,"17":0,"18":0,"19":0,"20":0,"21":0,"22":0,"23":0,"24":0},"b":{},"_coverageSchema":"43e27e138ebf9cfc5966b082cf9a028302ed4184","hash":"33d526603a1e4895d6b976fc3f137d06cf2cb5f0"}
,"C:\\Users\\Pc\\Desktop\\socialNet\\LIM012-fe-social-network\\src\\model\\recoverPass.model.js": {"path":"C:\\Users\\Pc\\Desktop\\socialNet\\LIM012-fe-social-network\\src\\model\\recoverPass.model.js","statementMap":{"0":{"start":{"line":3,"column":22},"end":{"line":3,"column":67}},"1":{"start":{"line":3,"column":33},"end":{"line":3,"column":67}}},"fnMap":{"0":{"name":"(anonymous_0)","decl":{"start":{"line":3,"column":22},"end":{"line":3,"column":23}},"loc":{"start":{"line":3,"column":33},"end":{"line":3,"column":67}},"line":3}},"branchMap":{},"s":{"0":1,"1":0},"f":{"0":0},"b":{},"_coverageSchema":"43e27e138ebf9cfc5966b082cf9a028302ed4184","hash":"bcbda8bc0cdffeeee2d6adc3220402429a7a1547"}
,"C:\\Users\\Pc\\Desktop\\socialNet\\LIM012-fe-social-network\\src\\model\\signUp.model.js": {"path":"C:\\Users\\Pc\\Desktop\\socialNet\\LIM012-fe-social-network\\src\\model\\signUp.model.js","statementMap":{"0":{"start":{"line":3,"column":28},"end":{"line":4,"column":54}},"1":{"start":{"line":4,"column":2},"end":{"line":4,"column":54}}},"fnMap":{"0":{"name":"(anonymous_0)","decl":{"start":{"line":3,"column":28},"end":{"line":3,"column":29}},"loc":{"start":{"line":4,"column":2},"end":{"line":4,"column":54}},"line":4}},"branchMap":{},"s":{"0":1,"1":1},"f":{"0":1},"b":{},"_coverageSchema":"43e27e138ebf9cfc5966b082cf9a028302ed4184","hash":"d0c7db92f43c78180f2d9c060f4d2fa432c7291b"}
,"C:\\Users\\Pc\\Desktop\\socialNet\\LIM012-fe-social-network\\src\\model\\user.model.js": {"path":"C:\\Users\\Pc\\Desktop\\socialNet\\LIM012-fe-social-network\\src\\model\\user.model.js","statementMap":{"0":{"start":{"line":4,"column":26},"end":{"line":7,"column":4}},"1":{"start":{"line":5,"column":2},"end":{"line":7,"column":4}},"2":{"start":{"line":9,"column":24},"end":{"line":10,"column":56}},"3":{"start":{"line":10,"column":2},"end":{"line":10,"column":56}},"4":{"start":{"line":12,"column":22},"end":{"line":16,"column":1}},"5":{"start":{"line":13,"column":20},"end":{"line":13,"column":64}},"6":{"start":{"line":14,"column":18},"end":{"line":14,"column":52}},"7":{"start":{"line":15,"column":2},"end":{"line":15,"column":59}},"8":{"start":{"line":18,"column":27},"end":{"line":22,"column":4}},"9":{"start":{"line":19,"column":2},"end":{"line":22,"column":4}},"10":{"start":{"line":24,"column":26},"end":{"line":25,"column":63}},"11":{"start":{"line":25,"column":2},"end":{"line":25,"column":63}}},"fnMap":{"0":{"name":"(anonymous_0)","decl":{"start":{"line":4,"column":26},"end":{"line":4,"column":27}},"loc":{"start":{"line":5,"column":2},"end":{"line":7,"column":4}},"line":5},"1":{"name":"(anonymous_1)","decl":{"start":{"line":9,"column":24},"end":{"line":9,"column":25}},"loc":{"start":{"line":10,"column":2},"end":{"line":10,"column":56}},"line":10},"2":{"name":"(anonymous_2)","decl":{"start":{"line":12,"column":22},"end":{"line":12,"column":23}},"loc":{"start":{"line":12,"column":32},"end":{"line":16,"column":1}},"line":12},"3":{"name":"(anonymous_3)","decl":{"start":{"line":18,"column":27},"end":{"line":18,"column":28}},"loc":{"start":{"line":19,"column":2},"end":{"line":22,"column":4}},"line":19},"4":{"name":"(anonymous_4)","decl":{"start":{"line":24,"column":26},"end":{"line":24,"column":27}},"loc":{"start":{"line":25,"column":2},"end":{"line":25,"column":63}},"line":25}},"branchMap":{},"s":{"0":1,"1":0,"2":1,"3":0,"4":1,"5":0,"6":0,"7":0,"8":1,"9":0,"10":1,"11":0},"f":{"0":0,"1":0,"2":0,"3":0,"4":0},"b":{},"_coverageSchema":"43e27e138ebf9cfc5966b082cf9a028302ed4184","hash":"3a398844a2728acda9d091e63de534eaed2f3285"}
,"C:\\Users\\Pc\\Desktop\\socialNet\\LIM012-fe-social-network\\src\\utils\\randomString.js": {"path":"C:\\Users\\Pc\\Desktop\\socialNet\\LIM012-fe-social-network\\src\\utils\\randomString.js","statementMap":{"0":{"start":{"line":1,"column":36},"end":{"line":9,"column":1}},"1":{"start":{"line":2,"column":15},"end":{"line":2,"column":17}},"2":{"start":{"line":4,"column":4},"end":{"line":4,"column":68}},"3":{"start":{"line":5,"column":2},"end":{"line":7,"column":3}},"4":{"start":{"line":5,"column":15},"end":{"line":5,"column":16}},"5":{"start":{"line":6,"column":4},"end":{"line":6,"column":79}},"6":{"start":{"line":8,"column":2},"end":{"line":8,"column":16}}},"fnMap":{"0":{"name":"(anonymous_0)","decl":{"start":{"line":1,"column":36},"end":{"line":1,"column":37}},"loc":{"start":{"line":1,"column":53},"end":{"line":9,"column":1}},"line":1}},"branchMap":{"0":{"loc":{"start":{"line":1,"column":37},"end":{"line":1,"column":48}},"type":"default-arg","locations":[{"start":{"line":1,"column":46},"end":{"line":1,"column":48}}],"line":1}},"s":{"0":1,"1":0,"2":0,"3":0,"4":0,"5":0,"6":0},"f":{"0":0},"b":{"0":[0]},"_coverageSchema":"43e27e138ebf9cfc5966b082cf9a028302ed4184","hash":"74af3cb0b15b142526479cc06c3811d79b619c93"}
}
