TN:
SF:C:\Users\Pc\Desktop\socialNet\LIM012-fe-social-network\mock\mock.js
FN:16,(anonymous_0)
FN:17,(anonymous_1)
FN:18,(anonymous_2)
FNF:3
FNH:2
FNDA:0,(anonymous_0)
FNDA:2,(anonymous_1)
FNDA:2,(anonymous_2)
DA:6,2
DA:7,2
DA:10,2
DA:11,2
DA:14,2
DA:16,0
DA:17,2
DA:18,2
LF:8
LH:7
BRF:0
BRH:0
end_of_record
TN:
SF:C:\Users\Pc\Desktop\socialNet\LIM012-fe-social-network\src\firebase.js
FNF:0
FNH:0
DA:1,2
DA:12,2
DA:13,2
DA:14,2
LF:4
LH:4
BRF:0
BRH:0
end_of_record
TN:
SF:C:\Users\Pc\Desktop\socialNet\LIM012-fe-social-network\src\model\index.model.js
FNF:0
FNH:0
DA:8,1
LF:1
LH:1
BRF:0
BRH:0
end_of_record
TN:
SF:C:\Users\Pc\Desktop\socialNet\LIM012-fe-social-network\src\model\logIn.model.js
FN:3,(anonymous_0)
FN:6,(anonymous_1)
FN:11,(anonymous_2)
FNF:3
FNH:3
FNDA:1,(anonymous_0)
FNDA:1,(anonymous_1)
FNDA:1,(anonymous_2)
DA:3,2
DA:4,1
DA:6,2
DA:7,1
DA:8,1
DA:11,2
DA:12,1
DA:13,1
LF:8
LH:8
BRF:0
BRH:0
end_of_record
TN:
SF:C:\Users\Pc\Desktop\socialNet\LIM012-fe-social-network\src\model\profile.model.js
FN:3,(anonymous_0)
FN:6,(anonymous_1)
FNF:2
FNH:0
FNDA:0,(anonymous_0)
FNDA:0,(anonymous_1)
DA:3,1
DA:6,1
LF:2
LH:2
BRF:0
BRH:0
end_of_record
TN:
SF:C:\Users\Pc\Desktop\socialNet\LIM012-fe-social-network\src\model\publication.model.js
FN:3,(anonymous_0)
FN:4,(anonymous_1)
FN:16,(anonymous_2)
FN:17,(anonymous_3)
FN:20,(anonymous_4)
FN:23,(anonymous_5)
FN:25,(anonymous_6)
FN:27,(anonymous_7)
FN:28,(anonymous_8)
FN:34,(anonymous_9)
FN:35,(anonymous_10)
FN:40,(anonymous_11)
FN:42,(anonymous_12)
FN:43,(anonymous_13)
FN:49,(anonymous_14)
FN:50,(anonymous_15)
FN:55,(anonymous_16)
FN:59,(anonymous_17)
FN:60,(anonymous_18)
FN:63,(anonymous_19)
FN:69,(anonymous_20)
FN:70,(anonymous_21)
FN:73,(anonymous_22)
FN:79,(anonymous_23)
FN:84,(anonymous_24)
FNF:25
FNH:0
FNDA:0,(anonymous_0)
FNDA:0,(anonymous_1)
FNDA:0,(anonymous_2)
FNDA:0,(anonymous_3)
FNDA:0,(anonymous_4)
FNDA:0,(anonymous_5)
FNDA:0,(anonymous_6)
FNDA:0,(anonymous_7)
FNDA:0,(anonymous_8)
FNDA:0,(anonymous_9)
FNDA:0,(anonymous_10)
FNDA:0,(anonymous_11)
FNDA:0,(anonymous_12)
FNDA:0,(anonymous_13)
FNDA:0,(anonymous_14)
FNDA:0,(anonymous_15)
FNDA:0,(anonymous_16)
FNDA:0,(anonymous_17)
FNDA:0,(anonymous_18)
FNDA:0,(anonymous_19)
FNDA:0,(anonymous_20)
FNDA:0,(anonymous_21)
FNDA:0,(anonymous_22)
FNDA:0,(anonymous_23)
FNDA:0,(anonymous_24)
DA:3,1
DA:4,0
DA:5,0
DA:16,0
DA:17,0
DA:20,1
DA:21,0
DA:23,1
DA:25,1
DA:26,0
DA:27,0
DA:28,0
DA:29,0
DA:34,0
DA:35,0
DA:40,1
DA:41,0
DA:42,0
DA:43,0
DA:44,0
DA:49,0
DA:50,0
DA:55,1
DA:56,0
DA:59,0
DA:60,0
DA:63,1
DA:64,0
DA:65,0
DA:69,0
DA:70,0
DA:73,1
DA:74,0
DA:75,0
DA:76,0
DA:79,1
DA:80,0
DA:81,0
DA:84,1
DA:85,0
LF:40
LH:10
BRF:0
BRH:0
end_of_record
TN:
SF:C:\Users\Pc\Desktop\socialNet\LIM012-fe-social-network\src\model\recoverPass.model.js
FN:3,(anonymous_0)
FNF:1
FNH:0
FNDA:0,(anonymous_0)
DA:3,1
LF:1
LH:1
BRF:0
BRH:0
end_of_record
TN:
SF:C:\Users\Pc\Desktop\socialNet\LIM012-fe-social-network\src\model\signUp.model.js
FN:3,(anonymous_0)
FNF:1
FNH:1
FNDA:1,(anonymous_0)
DA:3,1
DA:4,1
LF:2
LH:2
BRF:0
BRH:0
end_of_record
TN:
SF:C:\Users\Pc\Desktop\socialNet\LIM012-fe-social-network\src\model\user.model.js
FN:4,(anonymous_0)
FN:9,(anonymous_1)
FN:12,(anonymous_2)
FN:18,(anonymous_3)
FN:24,(anonymous_4)
FNF:5
FNH:0
FNDA:0,(anonymous_0)
FNDA:0,(anonymous_1)
FNDA:0,(anonymous_2)
FNDA:0,(anonymous_3)
FNDA:0,(anonymous_4)
DA:4,1
DA:5,0
DA:9,1
DA:10,0
DA:12,1
DA:13,0
DA:14,0
DA:15,0
DA:18,1
DA:19,0
DA:24,1
DA:25,0
LF:12
LH:5
BRF:0
BRH:0
end_of_record
TN:
SF:C:\Users\Pc\Desktop\socialNet\LIM012-fe-social-network\src\utils\randomString.js
FN:1,(anonymous_0)
FNF:1
FNH:0
FNDA:0,(anonymous_0)
DA:1,1
DA:2,0
DA:4,0
DA:5,0
DA:6,0
DA:8,0
LF:6
LH:1
BRDA:1,0,0,0
BRF:1
BRH:0
end_of_record
